2024-10-30 15:18:54,290 - ERROR - 爬取过程中出现错误: 'NoneType' object has no attribute 'text'
2024-10-30 15:31:50,457 - INFO - 总页数: 304
2024-10-30 15:31:51,481 - INFO - 保存文章成功: articles\2024\10\30-你有哪些因无意间的举动立了大功的经历或故事？.md
2024-10-30 15:31:52,911 - INFO - 保存文章成功: articles\2024\10\30-9. 他的白月光.md
2024-10-30 15:31:54,365 - INFO - 保存文章成功: articles\2024\10\29-8. 不是玫瑰.md
2024-10-30 15:31:55,803 - INFO - 保存文章成功: articles\2024\10\29-知乎盐选 _ 虐文女主之苏糖.md
2024-10-30 15:31:57,250 - INFO - 保存文章成功: articles\2024\10\29-7. 天光.md
2024-10-30 15:31:58,689 - INFO - 保存文章成功: articles\2024\10\29-什么时候意识到应该分手了？.md
2024-10-30 15:32:00,773 - INFO - 保存文章成功: articles\2024\10\29-到目前为止，你做过的最「」的作是什么？.md
2024-10-30 15:32:02,206 - INFO - 保存文章成功: articles\2024\10\29-6. 人类不宜飞行.md
2024-10-30 15:32:03,870 - INFO - 保存文章成功: articles\2024\10\28-5. 你自有星河璀璨.md
2024-10-30 15:32:05,564 - INFO - 保存文章成功: articles\2024\10\28-有没有女主是妖艳贱货，男主清心寡欲一本正经的小说推荐？.md
2024-10-30 15:32:08,275 - INFO - 保存文章成功: articles\2024\10\28-4. 藏在老宅的女人.md
2024-10-30 15:32:10,414 - INFO - 保存文章成功: articles\2024\10\28-知乎盐选 _ 确定产品的商业化模式.md
2024-10-30 15:32:11,871 - INFO - 保存文章成功: articles\2024\10\28-如何以「嘶，姐姐腰好细」写一篇病娇文？.md
2024-10-30 15:32:13,768 - INFO - 保存文章成功: articles\2024\10\28-3. 奶茶里的秘密.md
2024-10-30 15:32:15,268 - INFO - 保存文章成功: articles\2024\10\27-2. 如意.md
2024-10-30 15:32:18,143 - INFO - 保存文章成功: articles\2024\10\27-有最让你毁三观的事情吗？是什么事？.md
2024-10-30 15:32:20,411 - INFO - 保存文章成功: articles\2024\10\27-1. 欲穷年.md
2024-10-30 15:32:22,081 - INFO - 保存文章成功: articles\2024\10\27-有没有女主又美又飒的文？.md
2024-10-30 15:32:23,732 - INFO - 保存文章成功: articles\2024\10\27-知乎盐选 _ 大学生深入传销组织――救赎.md
2024-10-30 15:32:25,232 - INFO - 保存文章成功: articles\2024\10\26-可以推荐几本最近在看而且觉得好看的言情小说吗？.md
2024-10-30 15:32:26,234 - INFO - 正在爬取第 2 页
2024-10-30 15:32:27,013 - INFO - 保存文章成功: articles\2024\10\26-你构想过什么样的架空世界观？.md.md
2024-10-30 15:32:28,479 - INFO - 保存文章成功: articles\2024\10\26-什么样的女生城府深？.md
2024-10-30 15:32:30,393 - INFO - 保存文章成功: articles\2024\10\26-25. 黑月何辞.md
2024-10-30 15:32:32,069 - INFO - 保存文章成功: articles\2024\10\25-24. 皇叔.md
2024-10-30 15:32:33,728 - INFO - 保存文章成功: articles\2024\10\25-和大叔在一起是什么样的感觉？.md
2024-10-30 15:32:35,499 - INFO - 保存文章成功: articles\2024\10\25-23. 皇家青梅.md
2024-10-30 15:39:56,960 - INFO - 总页数: 304
2024-10-30 15:39:57,755 - INFO - 保存文章成功: articles\2024\10\24-10-30-你有哪些因无意间的举动立了大功的经历或故事？.md
2024-10-30 15:39:59,994 - INFO - 保存文章成功: articles\2024\10\24-10-30-他的白月光.md
2024-10-30 15:40:01,631 - INFO - 保存文章成功: articles\2024\10\24-10-29-不是玫瑰.md
2024-10-30 15:40:03,087 - INFO - 保存文章成功: articles\2024\10\24-10-29-知乎盐选 _ 虐文女主之苏糖.md
2024-10-30 15:40:04,750 - INFO - 保存文章成功: articles\2024\10\24-10-29-天光.md
2024-10-30 15:40:06,409 - INFO - 保存文章成功: articles\2024\10\24-10-29-什么时候意识到应该分手了？.md
2024-10-30 15:40:07,955 - INFO - 保存文章成功: articles\2024\10\24-10-29-到目前为止，你做过的最「」的作是什么？.md
2024-10-30 15:40:10,586 - INFO - 保存文章成功: articles\2024\10\24-10-29-人类不宜飞行.md
2024-10-30 15:40:12,099 - INFO - 保存文章成功: articles\2024\10\24-10-28-你自有星河璀璨.md
2024-10-30 15:40:13,584 - INFO - 保存文章成功: articles\2024\10\24-10-28-有没有女主是妖艳贱货，男主清心寡欲一本正经的小说推荐？.md
2024-10-30 15:40:15,015 - INFO - 保存文章成功: articles\2024\10\24-10-28-藏在老宅的女人.md
2024-10-30 15:40:16,390 - INFO - 保存文章成功: articles\2024\10\24-10-28-知乎盐选 _ 确定产品的商业化模式.md
2024-10-30 15:40:17,979 - INFO - 保存文章成功: articles\2024\10\24-10-28-如何以「嘶，姐姐腰好细」写一篇病娇文？.md
2024-10-30 15:40:20,276 - INFO - 保存文章成功: articles\2024\10\24-10-28-奶茶里的秘密.md
2024-10-30 15:40:21,942 - INFO - 保存文章成功: articles\2024\10\24-10-27-如意.md
2024-10-30 15:40:23,411 - INFO - 保存文章成功: articles\2024\10\24-10-27-有最让你毁三观的事情吗？是什么事？.md
2024-10-30 15:40:24,901 - INFO - 保存文章成功: articles\2024\10\24-10-27-欲穷年.md
2024-10-30 15:40:26,409 - INFO - 保存文章成功: articles\2024\10\24-10-27-有没有女主又美又飒的文？.md
2024-10-30 15:40:27,897 - INFO - 保存文章成功: articles\2024\10\24-10-27-知乎盐选 _ 大学生深入传销组织――救赎.md
2024-10-30 15:40:30,557 - INFO - 保存文章成功: articles\2024\10\24-10-26-可以推荐几本最近在看而且觉得好看的言情小说吗？.md
2024-10-30 15:40:31,560 - INFO - 正在爬取第 2 页
2024-10-30 15:40:32,835 - INFO - 保存文章成功: articles\2024\10\24-10-26-你构想过什么样的架空世界观？.md.md
2024-10-30 15:40:34,382 - INFO - 保存文章成功: articles\2024\10\24-10-26-什么样的女生城府深？.md
2024-10-30 15:40:35,997 - INFO - 保存文章成功: articles\2024\10\24-10-26-黑月何辞.md
2024-10-30 15:40:37,461 - INFO - 保存文章成功: articles\2024\10\24-10-25-皇叔.md
2024-10-30 15:40:40,118 - INFO - 保存文章成功: articles\2024\10\24-10-25-和大叔在一起是什么样的感觉？.md
2024-10-30 15:40:41,561 - INFO - 保存文章成功: articles\2024\10\24-10-25-皇家青梅.md
2024-10-30 15:40:43,246 - INFO - 保存文章成功: articles\2024\10\24-10-25-有没有什么能把你虐哭的短篇小说？.md.md
2024-10-30 15:40:44,979 - INFO - 保存文章成功: articles\2024\10\24-10-25-萋萋之草.md
2024-10-30 15:40:46,628 - INFO - 保存文章成功: articles\2024\10\24-10-24-长风散.md
2024-10-30 15:40:48,367 - INFO - 保存文章成功: articles\2024\10\24-10-24-金枝囚.md
2024-10-30 15:40:50,109 - INFO - 保存文章成功: articles\2024\10\24-10-24-如何以「我惹了满京城最不该惹的人」为开头写一个故事？.md
2024-10-30 15:40:51,773 - INFO - 保存文章成功: articles\2024\10\24-10-24-长相思，眷思量.md
2024-10-30 15:40:53,593 - INFO - 保存文章成功: articles\2024\10\24-10-23-思君辞.md
2024-10-30 15:40:55,265 - INFO - 保存文章成功: articles\2024\10\24-10-23-知乎盐选 _ 糟糕！牙医竟是老仇人.md
2024-10-30 15:40:56,913 - INFO - 保存文章成功: articles\2024\10\24-10-23-祸国.md
2024-10-30 15:40:58,608 - INFO - 保存文章成功: articles\2024\10\24-10-23-你干过最丢人的一件事是什么？.md
2024-10-30 15:41:01,126 - INFO - 保存文章成功: articles\2024\10\24-10-23-今夜月明.md
2024-10-30 15:41:02,815 - INFO - 保存文章成功: articles\2024\10\24-10-22-绕栀檀.md
2024-10-30 15:41:04,290 - INFO - 保存文章成功: articles\2024\10\24-10-22-知乎盐选 _ 你该负责了.md
2024-10-30 15:41:05,992 - INFO - 保存文章成功: articles\2024\10\24-10-22-谋卿.md
2024-10-30 15:41:09,007 - INFO - 正在爬取第 3 页
2024-10-30 15:41:10,788 - INFO - 保存文章成功: articles\2024\10\24-10-22-有没有甜到让人脸红心跳的小说？.md.md
2024-10-30 15:41:12,550 - INFO - 保存文章成功: articles\2024\10\24-10-22-公主为尊.md
2024-10-30 15:41:14,267 - INFO - 保存文章成功: articles\2024\10\24-10-21-替罪.md
2024-10-30 15:41:16,156 - INFO - 保存文章成功: articles\2024\10\24-10-21-还是凉生玉枕时.md
2024-10-30 15:41:17,840 - INFO - 保存文章成功: articles\2024\10\24-10-21-如何以「娘娘，城破了」为开头写一个故事？.md
2024-10-30 15:41:20,045 - INFO - 保存文章成功: articles\2024\10\24-10-21-唯负美人骨.md
2024-10-30 15:41:21,682 - INFO - 保存文章成功: articles\2024\10\24-10-21-知乎盐选 _ 我最好的朋友，整容嫁豪门.md
2024-10-30 15:41:23,128 - INFO - 保存文章成功: articles\2024\10\24-10-20-又见春风入宫闱.md
2024-10-30 15:41:24,823 - INFO - 保存文章成功: articles\2024\10\24-10-20-有哪些让人熬夜也要看完的言情小说_.md
2024-10-30 15:41:26,257 - INFO - 保存文章成功: articles\2024\10\24-10-20-春光昭昭.md
2024-10-30 15:41:28,142 - INFO - 保存文章成功: articles\2024\10\24-10-20-和政公主.md
2024-10-30 15:41:30,577 - INFO - 保存文章成功: articles\2024\10\24-10-19-这一世，换我负你.md
2024-10-30 15:41:32,084 - INFO - 保存文章成功: articles\2024\10\24-10-19-你见过最高级的绿茶婊是什么样子的？.md
2024-10-30 15:41:33,733 - INFO - 保存文章成功: articles\2024\10\24-10-19-芦花不记春.md
2024-10-30 15:41:35,274 - INFO - 保存文章成功: articles\2024\10\24-10-19-有没有什么甜到爆炸的短篇小说推荐？.md
2024-10-30 15:41:36,734 - INFO - 保存文章成功: articles\2024\10\24-10-19-知乎盐选 _ 满陇桂雨・夏挽.md
2024-10-30 15:41:38,780 - INFO - 保存文章成功: articles\2024\10\24-10-19-两相欢.md
2024-10-30 15:41:40,431 - INFO - 保存文章成功: articles\2024\10\24-10-18-意深沉.md
2024-10-30 15:41:41,933 - INFO - 保存文章成功: articles\2024\10\24-10-18-你最喜欢的姐弟恋小说是哪本？.md
2024-10-30 15:41:43,361 - INFO - 保存文章成功: articles\2024\10\24-10-18-死了才说你爱我.md
2024-10-30 15:41:46,375 - INFO - 正在爬取第 4 页
2024-10-30 15:41:47,355 - INFO - 保存文章成功: articles\2024\10\24-10-18-有一个外科医生男朋友是种怎样的体验？.md.md
2024-10-30 15:41:49,022 - INFO - 保存文章成功: articles\2024\10\24-10-18-异性朋友之间能否有真正纯洁的朋友关系？.md
2024-10-30 15:41:50,984 - INFO - 保存文章成功: articles\2024\10\24-10-18-南风不知意.md
2024-10-30 15:41:52,659 - INFO - 保存文章成功: articles\2024\10\24-10-17-从大学宿舍关系里你学到了什么？.md
2024-10-30 15:41:54,217 - INFO - 保存文章成功: articles\2024\10\24-10-17-最后攻略的三十天.md
2024-10-30 15:41:55,903 - INFO - 保存文章成功: articles\2024\10\24-10-17-哪些知名的书籍和电影长期以来被严重误读了？.md
2024-10-30 15:41:57,613 - INFO - 保存文章成功: articles\2024\10\24-10-17-知乎盐选 _ 深情最是千年女鬼.md
2024-10-30 15:42:00,760 - INFO - 保存文章成功: articles\2024\10\24-10-17-社恐小神医.md
2024-10-30 15:42:02,458 - INFO - 保存文章成功: articles\2024\10\24-10-16-公开关系.md
2024-10-30 15:42:04,107 - INFO - 保存文章成功: articles\2024\10\24-10-16-人性的阴暗面到底有多可怕？.md
2024-10-30 15:42:05,746 - INFO - 保存文章成功: articles\2024\10\24-10-16-不一样的电竞教练.md
2024-10-30 15:42:07,466 - INFO - 保存文章成功: articles\2024\10\24-10-16-有没有主比较理智的小说？.md
2024-10-30 15:42:09,126 - INFO - 保存文章成功: articles\2024\10\24-10-16-高端狩猎局.md
2024-10-30 15:42:10,829 - INFO - 保存文章成功: articles\2024\10\24-10-15-陪你到二十之期.md
2024-10-30 15:42:12,566 - INFO - 保存文章成功: articles\2024\10\24-10-15-转学的财阀姐弟.md
2024-10-30 15:42:14,345 - INFO - 保存文章成功: articles\2024\10\24-10-15-有那种高岭之花主，被主勾引拉下神坛的文吗？.md
2024-10-30 15:42:16,124 - INFO - 保存文章成功: articles\2024\10\24-10-15-哪件事让你觉得父母的三观不能接受？.md
2024-10-30 15:42:17,796 - INFO - 保存文章成功: articles\2024\10\24-10-14-此相思兮无穷极.md
2024-10-30 15:42:20,852 - INFO - 保存文章成功: articles\2024\10\24-10-14-如何以「他说要纳妾，我当晚就往他房里塞了两个美貌婢女」为开头写个甜文？.md
2024-10-30 15:42:22,490 - INFO - 保存文章成功: articles\2024\10\24-10-14-沉重的冠冕.md
2024-10-30 15:42:25,498 - INFO - 正在爬取第 5 页
2024-10-30 15:42:26,574 - INFO - 保存文章成功: articles\2024\10\24-10-14-知乎盐选 _ 与君同.md
2024-10-30 15:42:28,294 - INFO - 保存文章成功: articles\2024\10\24-10-14-知乎盐选 _ 莫得感情的太后.md
2024-10-30 15:42:30,019 - INFO - 保存文章成功: articles\2024\10\24-10-14-顾慕容.md
2024-10-30 15:42:31,712 - INFO - 保存文章成功: articles\2024\10\24-10-13-当折落于今日.md
2024-10-30 15:42:33,538 - INFO - 保存文章成功: articles\2024\10\24-10-13-知乎盐选 _ 今天手撕绿茶了吗(2).md
2024-10-30 15:42:35,192 - INFO - 保存文章成功: articles\2024\10\24-10-13-真相是真.md
2024-10-30 15:42:37,107 - INFO - 保存文章成功: articles\2024\10\24-10-13-有什么好看的小说推荐一下？.md
2024-10-30 15:42:38,773 - INFO - 保存文章成功: articles\2024\10\24-10-13-有哪些恶有恶报的故事   ？.md
2024-10-30 15:42:40,461 - INFO - 保存文章成功: articles\2024\10\24-10-13-宁昭.md
2024-10-30 15:42:42,123 - INFO - 保存文章成功: articles\2024\10\24-10-12-少年的相守.md
2024-10-30 15:42:43,795 - INFO - 保存文章成功: articles\2024\10\24-10-12-比世上任何人都爱.md
2024-10-30 15:42:45,503 - INFO - 保存文章成功: articles\2024\10\24-10-12-同居一年以上分手是种怎样的体验？.md
2024-10-30 15:42:47,235 - INFO - 保存文章成功: articles\2024\10\24-10-12-有哪些很虐的古风短篇小说？.md
2024-10-30 15:42:49,166 - INFO - 保存文章成功: articles\2024\10\24-10-12-皇上喜欢我娘亲.md
2024-10-30 15:42:50,938 - INFO - 保存文章成功: articles\2024\10\24-10-11-有哪些好看还写得好的古代言情小说？.md
2024-10-30 15:42:52,703 - INFO - 保存文章成功: articles\2024\10\24-10-11-昔年相望抵天涯.md
2024-10-30 15:42:54,416 - INFO - 保存文章成功: articles\2024\10\24-10-11-前友可以有多恶心？.md
2024-10-30 15:42:56,104 - INFO - 保存文章成功: articles\2024\10\24-10-11-当得知自己被小三的时候 应该做些什么？.md
2024-10-30 15:42:57,786 - INFO - 保存文章成功: articles\2024\10\24-10-11-宫花一落已成尘.md
2024-10-30 15:43:00,366 - INFO - 保存文章成功: articles\2024\10\24-10-10-别有幽愁暗恨生.md
2024-10-30 15:43:03,383 - INFO - 正在爬取第 6 页
2024-10-30 15:43:04,430 - INFO - 保存文章成功: articles\2024\10\24-10-10-知乎盐选 _ 此世死生皆同赴.md
2024-10-30 15:43:06,041 - INFO - 保存文章成功: articles\2024\10\24-10-10-峨眉曾有人妒.md
2024-10-30 15:43:07,698 - INFO - 保存文章成功: articles\2024\10\24-10-10-知乎盐选 _ 狴犴篇 我不是奸妃.md
2024-10-30 15:43:10,419 - INFO - 保存文章成功: articles\2024\10\24-10-10-从此萧郎是路人.md
2024-10-30 15:43:12,142 - INFO - 保存文章成功: articles\2024\10\24-10-09-圣主朝朝暮暮情.md
2024-10-30 15:43:13,778 - INFO - 保存文章成功: articles\2024\10\24-10-09-知乎盐选 _ 四：别亦难.md
2024-10-30 15:43:15,464 - INFO - 保存文章成功: articles\2024\10\24-10-09-多情却被无情恼.md
2024-10-30 15:43:17,151 - INFO - 保存文章成功: articles\2024\10\24-10-09-有没有一些细思极恐的鬼故事？.md
2024-10-30 15:43:18,921 - INFO - 保存文章成功: articles\2024\10\24-10-09-知乎盐选 _ 论如何在竹马的监督下跟天降谈恋爱.md
2024-10-30 15:43:20,543 - INFO - 保存文章成功: articles\2024\10\24-10-09-恨不相逢未嫁时.md
2024-10-30 15:43:22,216 - INFO - 保存文章成功: articles\2024\10\24-10-08-相见不如不见.md
2024-10-30 15:43:23,867 - INFO - 保存文章成功: articles\2024\10\24-10-08-得宠女人最好命.md
2024-10-30 15:43:25,302 - INFO - 保存文章成功: articles\2024\10\24-10-08-知乎盐选 _ 替身.md
2024-10-30 15:43:26,817 - INFO - 保存文章成功: articles\2024\10\24-10-08-有哪些好看的古言小说推荐？.md
2024-10-30 15:43:28,511 - INFO - 保存文章成功: articles\2024\10\24-10-07-结局.md
2024-10-30 15:43:30,270 - INFO - 保存文章成功: articles\2024\10\24-10-07-如何以「我怀了敌国皇子的孩子」开头写一个故事？.md
2024-10-30 15:43:31,902 - INFO - 保存文章成功: articles\2024\10\24-10-07-新人生.md
2024-10-30 15:43:33,615 - INFO - 保存文章成功: articles\2024\10\24-10-07-知乎盐选 _ 回春.md
2024-10-30 15:43:36,434 - INFO - 保存文章成功: articles\2024\10\24-10-07-你们的男朋友泡到你们之前是怎么撩你们的？.md
2024-10-30 15:43:38,134 - INFO - 保存文章成功: articles\2024\10\24-10-07-替身.md
2024-10-30 15:43:41,151 - INFO - 正在爬取第 7 页
2024-10-30 15:43:42,367 - INFO - 保存文章成功: articles\2024\10\24-10-06-经典白莲花戏码.md
2024-10-30 15:43:43,849 - INFO - 保存文章成功: articles\2024\10\24-10-06-你为什么会成为渣女？.md
2024-10-30 15:43:45,433 - INFO - 保存文章成功: articles\2024\10\24-10-06-虐文男二和王者陪练.md
2024-10-30 15:43:46,872 - INFO - 保存文章成功: articles\2024\10\24-10-06-社会性死亡是一种什么体验？.md
2024-10-30 15:43:48,338 - INFO - 保存文章成功: articles\2024\10\24-10-06-有没有人网恋发的照片丑，但是奔现后发现对方挺好看的？.md
2024-10-30 15:43:50,181 - INFO - 保存文章成功: articles\2024\10\24-10-05-有哪些病态占有欲的小说推荐吗？.md
2024-10-30 15:43:51,867 - INFO - 保存文章成功: articles\2024\10\24-10-05-有一个很会的朋友是什么感受？.md
2024-10-30 15:43:53,553 - INFO - 保存文章成功: articles\2024\10\24-10-05-有什么男主糙汉女主娇娇软软的文吗？.md
2024-10-30 15:43:55,251 - INFO - 保存文章成功: articles\2024\10\24-10-05-如梦令.md
2024-10-30 15:43:56,998 - INFO - 保存文章成功: articles\2024\10\24-10-04-汉宫春.md
2024-10-30 15:43:58,699 - INFO - 保存文章成功: articles\2024\10\24-10-04-如何以「公公（太监），求您疼我」为开头写一个故事？.md.md
2024-10-30 15:44:01,115 - INFO - 保存文章成功: articles\2024\10\24-10-04-破阵子.md
2024-10-30 15:44:02,797 - INFO - 保存文章成功: articles\2024\10\24-10-04-有没有女主先动心，男主一开始对女主冷淡，后来追妻火葬场的文   ？.md
2024-10-30 15:44:04,405 - INFO - 保存文章成功: articles\2024\10\24-10-04-凤来朝.md
2024-10-30 15:44:06,035 - INFO - 保存文章成功: articles\2024\10\24-10-03-雨霖铃.md
2024-10-30 15:44:07,730 - INFO - 保存文章成功: articles\2024\10\24-10-03-你们的女朋友是怎么样的？.md
2024-10-30 15:44:10,293 - INFO - 保存文章成功: articles\2024\10\24-10-03-相见欢.md
2024-10-30 15:44:11,931 - INFO - 保存文章成功: articles\2024\10\24-10-03-知乎盐选 _ 跟总裁合约结婚了.md
2024-10-30 15:44:13,643 - INFO - 保存文章成功: articles\2024\10\24-10-03-有一个不爱自己的男朋友是怎 样的体验？.md
2024-10-30 15:44:15,269 - INFO - 保存文章成功: articles\2024\10\24-10-03-诉衷情.md
2024-10-30 15:44:18,293 - INFO - 正在爬取第 8 页
2024-10-30 15:44:20,066 - INFO - 保存文章成功: articles\2024\10\24-10-02-踏莎行.md
2024-10-30 15:44:21,722 - INFO - 保存文章成功: articles\2024\10\24-10-02-有没有女主先动心 ，男主一开始对女主冷淡，后来追妻火葬场的文？.md
2024-10-30 15:44:23,413 - INFO - 保存文章成功: articles\2024\10\24-10-02-虞美人.md
2024-10-30 15:44:25,066 - INFO - 保存文章成功: articles\2024\10\24-10-02-知乎盐选 _ 斤车大道.md
2024-10-30 15:44:26,799 - INFO - 保存文章成功: articles\2024\10\24-10-02-如何以「我不想嫁给他了」为开头写一个故事？.md
2024-10-30 15:44:28,499 - INFO - 保存文章成功: articles\2024\10\24-10-01-切身之怨.md
2024-10-30 15:44:30,363 - INFO - 保存文章成功: articles\2024\10\24-10-01-有没有什么男主是医生言情小说？.md
2024-10-30 15:44:32,074 - INFO - 保存文章成功: articles\2024\10\24-10-01-最终剧本杀.md
2024-10-30 15:44:33,726 - INFO - 保存文章成功: articles\2024\10\24-10-01-你们男朋友有哪些小奶狗的操作？.md
2024-10-30 15:44:35,483 - INFO - 保存文章成功: articles\2024\10\24-10-01-知乎盐选 _ 仙界第一小白龙.md
2024-10-30 15:44:37,165 - INFO - 保存文章成功: articles\2024\10\24-10-01-共死效应.md
2024-10-30 15:44:38,961 - INFO - 保存文章成功: articles\2024\09\24-09-30-无数.md
2024-10-30 15:44:40,629 - INFO - 保存文章成功: articles\2024\09\24-09-30-有一个闷骚的男朋友是怎样的一种体验？ ？.md
2024-10-30 15:44:42,255 - INFO - 保存文章成功: articles\2024\09\24-09-30-衰老.md
2024-10-30 15:44:43,925 - INFO - 保存文章成功: articles\2024\09\24-09-30-和女生合租是怎样一种体验？.md
2024-10-30 15:44:45,614 - INFO - 保存文章成功: articles\2024\09\24-09-30-来分享一篇看过的最惊艳的病娇文吧？.md
2024-10-30 15:44:47,240 - INFO - 保存文章成功: articles\2024\09\24-09-30-死神没有来.md
2024-10-30 15:44:48,996 - INFO - 保存文章成功: articles\2024\09\24-09-29-有哪些好看的重生小说？.md
2024-10-30 15:44:50,646 - INFO - 保存文章成功: articles\2024\09\24-09-29-慈安.md
2024-10-30 15:44:52,423 - INFO - 保存文章成功: articles\2024\09\24-09-29-如何以「听说那个与我有婚约的少年郎死在了战场上，但他又回来了」为开头写一个故事？.md
2024-10-30 15:44:55,447 - INFO - 正在爬取第 9 页
2024-10-30 15:44:56,800 - INFO - 保存文章成功: articles\2024\09\24-09-29-囚鱼.md
2024-10-30 19:19:08,018 - INFO - 总页数: 304
2024-10-30 19:19:09,068 - INFO - 保存文章成功: content\posts\2024\10\30-知乎盐选 _ 明日周一.md
2024-10-30 19:19:11,236 - INFO - 保存文章成功: content\posts\2024\10\30-你有哪些因无意间的举动立了大功的经历或故事？.md
2024-10-30 19:19:12,830 - INFO - 保存文章成功: content\posts\2024\10\30-他的白月光.md
2024-10-30 19:19:14,282 - INFO - 保存文章成功: content\posts\2024\10\29-不是玫瑰.md
2024-10-30 19:19:15,882 - INFO - 保存文章成功: content\posts\2024\10\29-知乎盐选 _ 虐文女主之苏糖.md
