2024-11-01 14:52:29,148 - INFO - Adding job tentatively -- it will be properly scheduled when the scheduler starts
2024-11-01 14:52:29,148 - INFO - Adding job tentatively -- it will be properly scheduled when the scheduler starts
2024-11-01 14:52:29,149 - INFO - 定时任务已启动
2024-11-01 14:52:29,150 - INFO - Added job "CrawlerScheduler.crawl_job" to job store "default"
2024-11-01 14:52:29,151 - INFO - Added job "CrawlerScheduler.crawl_job" to job store "default"
2024-11-01 14:52:29,151 - INFO - Scheduler started
2024-11-01 18:10:49,082 - INFO - Running job "CrawlerScheduler.crawl_job (trigger: cron[hour='18', minute='7'], next run at: 2024-11-01 18:10:49 CST)" (scheduled at 2024-11-01 18:10:49.081437+08:00)
2024-11-01 18:10:49,366 - INFO - 检测到新文章，从 6082 增加到 6086
2024-11-01 18:10:49,366 - INFO - 需要爬取 4 篇新文章
2024-11-01 18:10:49,451 - INFO - 保存文章成功: ../content/posts/2024/11/1-赛金花：浮萍.md
2024-11-01 18:10:49,452 - INFO - 成功爬取第 1 篇新文章: 6. 赛金花：浮萍
2024-11-01 18:10:50,740 - INFO - 保存文章成功: ../content/posts/2024/11/1-男生或女生可以不自爱到什么程度？.md
2024-11-01 18:10:50,741 - INFO - 成功爬取第 2 篇新文章: 男生或女生可以不自爱到什么程度？
2024-11-01 18:10:52,096 - INFO - 保存文章成功: ../content/posts/2024/11/1-有没有什么校园甜文_.md
2024-11-01 18:10:52,096 - INFO - 成功爬取第 3 篇新文章: 有没有什么校园甜文_
2024-11-01 18:10:53,380 - INFO - 保存文章成功: ../content/posts/2024/11/1-海兰珠：还君明珠.md
2024-11-01 18:10:53,380 - INFO - 成功爬取第 4 篇新文章: 5. 海兰珠：还君明珠
2024-11-01 18:10:56,627 - INFO - Git命令执行成功: 
2024-11-01 18:10:56,688 - INFO - Git命令执行成功: [main f02d3a1d] Python Spiders Commit 2024-11-01 18:10:56
 7 files changed, 5888 insertions(+), 1 deletion(-)
 create mode 100644 "content/posts/2024/11/1-\346\234\211\346\262\241\346\234\211\344\273\200\344\271\210\346\240\241\345\233\255\347\224\234\346\226\207_.md"
 create mode 100644 "content/posts/2024/11/1-\346\265\267\345\205\260\347\217\240\357\274\232\350\277\230\345\220\233\346\230\216\347\217\240.md"
 create mode 100644 "content/posts/2024/11/1-\347\224\267\347\224\237\346\210\226\345\245\263\347\224\237\345\217\257\344\273\245\344\270\215\350\207\252\347\210\261\345\210\260\344\273\200\344\271\210\347\250\213\345\272\246\357\274\237.md"
 create mode 100644 "content/posts/2024/11/1-\350\265\233\351\207\221\350\212\261\357\274\232\346\265\256\350\220\215.md"
 create mode 100644 spiders/__pycache__/crawler.cpython-39.pyc
 create mode 100644 spiders/logs/spiders.log
2024-11-01 18:10:58,376 - INFO - Git命令执行成功: 
2024-11-01 18:10:58,376 - INFO - Git提交成功
2024-11-01 18:10:58,376 - INFO - Job "CrawlerScheduler.crawl_job (trigger: cron[hour='18', minute='7'], next run at: 2024-11-02 18:07:25 CST)" executed successfully
2024-11-02 06:12:41,377 - INFO - Running job "CrawlerScheduler.crawl_job (trigger: cron[hour='6', minute='9'], next run at: 2024-11-03 06:10:20 CST)" (scheduled at 2024-11-02 06:12:41.375863+08:00)
2024-11-02 06:12:41,647 - INFO - 检测到新文章，从 6086 增加到 6087
2024-11-02 06:12:41,647 - INFO - 需要爬取 1 篇新文章
2024-11-02 06:12:41,987 - INFO - 保存文章成功: ../content/posts/2024/11/1-你和你的青梅竹马有哪些甜甜的故事？.md
2024-11-02 06:12:41,987 - INFO - 成功爬取第 1 篇新文章: 你和你的青梅竹马有哪些甜甜的故事？
